[debug] [2023-01-23T17:39:44.790Z] ----------------------------------------------------------------------
[debug] [2023-01-23T17:39:44.795Z] Command:       C:\Program Files\nodejs\node.exe C:\Users\DELL\AppData\Roaming\npm\node_modules\firebase-tools\lib\bin\firebase.js init hosting
[debug] [2023-01-23T17:39:44.797Z] CLI Version:   11.21.0
[debug] [2023-01-23T17:39:44.797Z] Platform:      win32
[debug] [2023-01-23T17:39:44.797Z] Node Version:  v16.17.0
[debug] [2023-01-23T17:39:44.800Z] Time:          Mon Jan 23 2023 23:09:44 GMT+0530 (India Standard Time)
[debug] [2023-01-23T17:39:44.800Z] ----------------------------------------------------------------------
[debug] 
[debug] [2023-01-23T17:39:44.818Z] > command requires scopes: ["email","openid","https://www.googleapis.com/auth/cloudplatformprojects.readonly","https://www.googleapis.com/auth/firebase","https://www.googleapis.com/auth/cloud-platform"]
[debug] [2023-01-23T17:39:44.820Z] > authorizing via signed-in user (kaurrajvinder736@gmail.com)
[info] 
     ######## #### ########  ######## ########     ###     ######  ########
     ##        ##  ##     ## ##       ##     ##  ##   ##  ##       ##
     ######    ##  ########  ######   ########  #########  ######  ######
     ##        ##  ##    ##  ##       ##     ## ##     ##       ## ##
     ##       #### ##     ## ######## ########  ##     ##  ######  ########

You're about to initialize a Firebase project in this directory:

  D:\code\react\hotstar_clone

[info] 
=== Project Setup
[info] 
[info] First, let's associate this project directory with a Firebase project.
[info] You can create multiple project aliases by running firebase use --add, 
[info] but for now we'll just set up a default project.
[info] 
[debug] [2023-01-23T17:39:49.925Z] >>> [apiv2][query] GET https://firebase.googleapis.com/v1beta1/projects pageSize=100
[debug] [2023-01-23T17:39:52.977Z] <<< [apiv2][status] GET https://firebase.googleapis.com/v1beta1/projects 200
[debug] [2023-01-23T17:39:52.978Z] <<< [apiv2][body] GET https://firebase.googleapis.com/v1beta1/projects [omitted]
[info] i  Using project hotstart-clone-fbfae (hotstart-clone) 
[info] 
=== Hosting Setup
[info] 
[info] Your public directory is the folder (relative to your project directory) that
[info] will contain Hosting assets to be uploaded with firebase deploy. If you
[info] have a build process for your assets, use your build's output directory.
[info] 
[debug] [2023-01-23T17:40:21.762Z] >>> [apiv2][query] GET https://www.gstatic.com/firebasejs/releases.json [none]
[debug] [2023-01-23T17:40:24.621Z] <<< [apiv2][status] GET https://www.gstatic.com/firebasejs/releases.json 200
[debug] [2023-01-23T17:40:24.622Z] <<< [apiv2][body] GET https://www.gstatic.com/firebasejs/releases.json {"current":{"version":"9.16.0","browserURL":"https://www.gstatic.com/firebasejs/9.16.0/firebase.js","packageURL":"https://www.gstatic.com/firebasejs/9.16.0/firebase.tgz"},"live":{"version":"9.16","browserURL":"https://www.gstatic.com/firebasejs/live/9.16/firebase.js","packageURL":"https://www.gstatic.com/firebasejs/live/9.16/firebase.tgz"},"components":{"analytics":"https://www.gstatic.com/firebasejs/9.16.0/firebase-analytics.js","app":"https://www.gstatic.com/firebasejs/9.16.0/firebase-app.js","app-check":"https://www.gstatic.com/firebasejs/9.16.0/firebase-app-check.js","auth":"https://www.gstatic.com/firebasejs/9.16.0/firebase-auth.js","auth/cordova":"https://www.gstatic.com/firebasejs/9.16.0/firebase-auth/cordova.js","auth/react-native":"https://www.gstatic.com/firebasejs/9.16.0/firebase-auth/react-native.js","functions":"https://www.gstatic.com/firebasejs/9.16.0/firebase-functions.js","firestore":"https://www.gstatic.com/firebasejs/9.16.0/firebase-firestore.js","firestore/lite":"https://www.gstatic.com/firebasejs/9.16.0/firebase-firestore/lite.js","installations":"https://www.gstatic.com/firebasejs/9.16.0/firebase-installations.js","storage":"https://www.gstatic.com/firebasejs/9.16.0/firebase-storage.js","performance":"https://www.gstatic.com/firebasejs/9.16.0/firebase-performance.js","remote-config":"https://www.gstatic.com/firebasejs/9.16.0/firebase-remote-config.js","messaging":"https://www.gstatic.com/firebasejs/9.16.0/firebase-messaging.js","messaging/sw":"https://www.gstatic.com/firebasejs/9.16.0/firebase-messaging/sw.js","database":"https://www.gstatic.com/firebasejs/9.16.0/firebase-database.js","firestore.memory":"https://www.gstatic.com/firebasejs/9.16.0/firebase-firestore.memory.js"}}
[info] +  Wrote yes/index.html 
[info] 
[info] i  Detected a .git folder at D:\code\react\hotstar_clone 
[info] i  Authorizing with GitHub to upload your service account to a GitHub repository's secrets store. 
[info] 
[info] Visit this URL on this device to log in:
[info] https://github.com/login/oauth/authorize?client_id=89cf50f02ac6aaed3484&state=1009919299&redirect_uri=http%3A%2F%2Flocalhost%3A9005&scope=read%3Auser%20repo%20public_repo
[info] 
[info] Waiting for authentication...
[debug] [2023-01-23T17:40:26.832Z] >>> [apiv2][query] POST https://github.com/login/oauth/access_token [none]
[debug] [2023-01-23T17:40:26.832Z] >>> [apiv2][body] POST https://github.com/login/oauth/access_token [stream]
[debug] [2023-01-23T17:40:28.354Z] <<< [apiv2][status] POST https://github.com/login/oauth/access_token 200
[debug] [2023-01-23T17:40:28.354Z] <<< [apiv2][body] POST https://github.com/login/oauth/access_token {"access_token":"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","token_type":"bearer","scope":"read:user,repo"}
[debug] [2023-01-23T17:40:28.390Z] >>> [apiv2][query] GET https://api.github.com/user [none]
[debug] [2023-01-23T17:40:29.170Z] <<< [apiv2][status] GET https://api.github.com/user 200
[debug] [2023-01-23T17:40:29.170Z] <<< [apiv2][body] GET https://api.github.com/user {"login":"rajvinder-kaur","id":93728836,"node_id":"U_kgDOBZYwRA","avatar_url":"https://avatars.githubusercontent.com/u/93728836?v=4","gravatar_id":"","url":"https://api.github.com/users/rajvinder-kaur","html_url":"https://github.com/rajvinder-kaur","followers_url":"https://api.github.com/users/rajvinder-kaur/followers","following_url":"https://api.github.com/users/rajvinder-kaur/following{/other_user}","gists_url":"https://api.github.com/users/rajvinder-kaur/gists{/gist_id}","starred_url":"https://api.github.com/users/rajvinder-kaur/starred{/owner}{/repo}","subscriptions_url":"https://api.github.com/users/rajvinder-kaur/subscriptions","organizations_url":"https://api.github.com/users/rajvinder-kaur/orgs","repos_url":"https://api.github.com/users/rajvinder-kaur/repos","events_url":"https://api.github.com/users/rajvinder-kaur/events{/privacy}","received_events_url":"https://api.github.com/users/rajvinder-kaur/received_events","type":"User","site_admin":false,"name":"RAJVINDER KAUR","company":null,"blog":"","location":null,"email":null,"hireable":null,"bio":null,"twitter_username":null,"public_repos":8,"public_gists":0,"followers":1,"following":2,"created_at":"2021-11-04T16:40:27Z","updated_at":"2023-01-23T17:28:51Z","private_gists":0,"total_private_repos":2,"owned_private_repos":2,"disk_usage":4471,"collaborators":0,"two_factor_authentication":false,"plan":{"name":"free","space":976562499,"collaborators":0,"private_repos":10000}}
[info] 
[info] +  Success! Logged into GitHub as rajvinder-kaur 
[info] 
[debug] [2023-01-23T17:41:02.546Z] >>> [apiv2][query] GET https://api.github.com/repos/rajvinder-kaur/hotstar-clone/actions/secrets/public-key type=owner
[debug] [2023-01-23T17:41:05.008Z] <<< [apiv2][status] GET https://api.github.com/repos/rajvinder-kaur/hotstar-clone/actions/secrets/public-key 404
[debug] [2023-01-23T17:41:05.009Z] <<< [apiv2][body] GET https://api.github.com/repos/rajvinder-kaur/hotstar-clone/actions/secrets/public-key {"message":"Not Found","documentation_url":"https://docs.github.com/rest/reference/actions#get-a-repository-public-key"}
[debug] [2023-01-23T17:43:26.955Z] >>> [apiv2][query] GET https://api.github.com/repos/rajvinder-kaur/hotstar-clone/actions/secrets/public-key type=owner
[debug] [2023-01-23T17:43:28.150Z] <<< [apiv2][status] GET https://api.github.com/repos/rajvinder-kaur/hotstar-clone/actions/secrets/public-key 404
[debug] [2023-01-23T17:43:28.151Z] <<< [apiv2][body] GET https://api.github.com/repos/rajvinder-kaur/hotstar-clone/actions/secrets/public-key {"message":"Not Found","documentation_url":"https://docs.github.com/rest/reference/actions#get-a-repository-public-key"}
